<?xml version="1.0" encoding="UTF-8"?>
<!-- Generated by org.testng.reporters.JUnitReportReporter -->
<testsuite hostname="WKWEJ009981831" failures="0" tests="2" name="com.selenium.practice.FirstTestNGTest" time="12.425" errors="0" timestamp="2025-09-25T19:52:29 IST" skipped="0">
  <testcase classname="com.selenium.practice.FirstTestNGTest" name="FirstTest" time="5.983"/>
  <system-out/>
  <testcase classname="com.selenium.practice.FirstTestNGTest" name="FirstTest2" time="6.442"/>
  <system-out/>
</testsuite> <!-- com.selenium.practice.FirstTestNGTest -->
