<?xml version="1.0" encoding="UTF-8"?>
<!-- Generated by org.testng.reporters.JUnitReportReporter -->
<testsuite hostname="WKWEJ009981831" failures="0" tests="2" name="TestNGTests.AnnotationExample" time="13.559" errors="0" timestamp="2025-10-01T19:20:05 IST" skipped="0">
  <testcase classname="TestNGTests.AnnotationExample" name="firstTest" time="6.446"/>
  <system-out/>
  <testcase classname="TestNGTests.AnnotationExample" name="firstTest_2" time="7.113"/>
  <system-out/>
</testsuite> <!-- TestNGTests.AnnotationExample -->
