<?xml version="1.0" encoding="UTF-8"?>
<!-- Generated by org.testng.reporters.JUnitReportReporter -->
<testsuite hostname="WKWEJ009981831" failures="0" tests="2" name="TestNGTests.DisableTC" time="0.011" errors="0" timestamp="2025-10-01T19:36:24 IST" skipped="0">
  <testcase classname="TestNGTests.DisableTC" name="test" time="0.008"/>
  <system-out/>
  <testcase classname="TestNGTests.DisableTC" name="test2" time="0.003"/>
  <system-out/>
</testsuite> <!-- TestNGTests.DisableTC -->
