<?xml version="1.0" encoding="UTF-8"?>
<!-- Generated by org.testng.reporters.JUnitReportReporter -->
<testsuite hostname="WKWEJ009981831" failures="0" tests="2" name="TestNGTests.InvocationExample" time="20.862" errors="0" timestamp="2025-10-01T19:20:05 IST" skipped="0">
  <testcase classname="TestNGTests.InvocationExample" name="testCase" time="9.883"/>
  <system-out/>
  <testcase classname="TestNGTests.InvocationExample" name="testCase" time="10.979"/>
  <system-out/>
</testsuite> <!-- TestNGTests.InvocationExample -->
