<?xml version="1.0" encoding="UTF-8"?>
<!-- Generated by org.testng.reporters.JUnitReportReporter -->
<testsuite hostname="WKWEJ009981831" failures="0" tests="6" name="TestNGTests.PriorityExample" time="0.012" errors="0" timestamp="2025-10-01T19:40:40 IST" skipped="0">
  <testcase classname="TestNGTests.PriorityExample" name="login" time="0.008"/>
  <system-out/>
  <testcase classname="TestNGTests.PriorityExample" name="payment" time="0.001"/>
  <system-out/>
  <testcase classname="TestNGTests.PriorityExample" name="confirmation" time="0.001"/>
  <system-out/>
  <testcase classname="TestNGTests.PriorityExample" name="checkout" time="0.001"/>
  <system-out/>
  <testcase classname="TestNGTests.PriorityExample" name="product" time="0.000"/>
  <system-out/>
  <testcase classname="TestNGTests.PriorityExample" name="cart" time="0.001"/>
  <system-out/>
</testsuite> <!-- TestNGTests.PriorityExample -->
