<?xml version="1.0" encoding="UTF-8"?>
<!-- Generated by org.testng.reporters.JUnitReportReporter -->
<testsuite hostname="WKWEJ009981831" failures="0" tests="2" name="TestNGTests.ParallelTests" time="13.034" errors="0" timestamp="2025-10-03T19:44:08 IST" skipped="0">
  <testcase classname="TestNGTests.ParallelTests" name="login_2" time="6.416"/>
  <system-out/>
  <testcase classname="TestNGTests.ParallelTests" name="login" time="6.618"/>
  <system-out/>
</testsuite> <!-- TestNGTests.ParallelTests -->
