<?xml version="1.0" encoding="UTF-8"?>
<!-- Generated by org.testng.reporters.JUnitReportReporter -->
<testsuite hostname="WKWEJ009981831" failures="0" tests="1" name="Products.ProductTest" time="10.631" errors="0" timestamp="2025-10-29T16:32:39 IST" skipped="0">
  <testcase classname="Products.ProductTest" name="TC_Addproduct" time="10.631"/>
  <system-out/>
</testsuite> <!-- Products.ProductTest -->
