<?xml version="1.0" encoding="UTF-8"?>
<!-- Generated by org.testng.reporters.JUnitReportReporter -->
<testsuite hostname="WKWEJ009981831" failures="0" tests="1" name="TestNGTests.GroupingExample" time="0.012" errors="0" timestamp="2025-10-01T19:24:51 IST" skipped="0">
  <testcase classname="TestNGTests.GroupingExample" name="test_2" time="0.012"/>
  <system-out/>
</testsuite> <!-- TestNGTests.GroupingExample -->
