<?xml version="1.0" encoding="UTF-8"?>
<!-- Generated by org.testng.reporters.JUnitReportReporter -->
<testsuite hostname="WKWEJ009981831" failures="0" tests="1" name="TestNGTests.ParameterExample" time="0.008" errors="0" timestamp="2025-10-03T19:17:50 IST" skipped="0">
  <testcase classname="TestNGTests.ParameterExample" name="testSingleString" time="0.008"/>
  <system-out/>
</testsuite> <!-- TestNGTests.ParameterExample -->
