<?xml version="1.0" encoding="UTF-8"?>
<!-- Generated by org.testng.reporters.JUnitReportReporter -->
<testsuite hostname="WKWEJ009981831" failures="0" tests="2" name="TestNGTests.DataProvidersExample" time="16.192" errors="0" timestamp="2025-10-03T19:23:24 IST" skipped="0">
  <testcase classname="TestNGTests.DataProvidersExample" name="verifyData1" time="8.007"/>
  <system-out/>
  <testcase classname="TestNGTests.DataProvidersExample" name="verifyData1" time="8.185"/>
  <system-out/>
</testsuite> <!-- TestNGTests.DataProvidersExample -->
